
> tracker@1.0.0 dev
> wrangler dev


 ⛅️ wrangler 3.114.14 (update available 4.42.1)
-----------------------------------------------

[33m▲ [43;33m[[43;30mWARNING[43;33m][0m [1mThe version of Wrangler you are using is now out-of-date.[0m

  Please update to the latest version to prevent critical errors.
  Run `npm install --save-dev wrangler@4` to update to the latest version.
  After installation, run Wrangler with `npx wrangler`.


Your Worker and resources are simulated locally via Miniflare. For more information, see: https://developers.cloudflare.com/workers/testing/local-development.

Your worker has access to the following bindings:
- Durable Objects:
  - LIVESTOCK_REPORTS: LivestockReport
- KV Namespaces:
  - PIGMAP_CONFIG: 96dd87122a134b75a59e94a106d2b9ac [simulated locally]
- D1 Databases:
  - LIVESTOCK_DB: livestock (11a70f2e-831a-4fdc-8447-d891fdf950b7) [simulated locally]
- R2 Buckets:
  - LIVESTOCK_MEDIA: livestock-media [simulated locally]
- Vars:
  - ENVIRONMENT: "production"
  - PRIVACY_MODE: "strict"
  - LOG_LEVEL: "error"
⎔ Starting local server...
